This is pdfTeX, Version 3.14159265-2.6-1.40.21 (TeX Live 2020) (preloaded format=pdflatex 2020.4.7)  5 FEB 2021 19:14
entering extended mode
 restricted \write18 enabled.
 file:line:error style messages enabled.
 %&-line parsing enabled.
**dissertation.tex
(./dissertation.tex
LaTeX2e <2020-02-02> patch level 5
L3 programming layer <2020-03-06> (./sources/authesis.cls
Document Class: sources/authesis 2016/07/23 v2.51 University Thesis Class
 au-cms.sty is not supported. Please use natbib.sty for your bibliography.
IMPORTANT MESSAGES:
1: You MUST run LaTeX THREE (3) times after running BibTeX in order to make sure that entries in the table of contents are correct.
2: Before handing in the final version of your document make sure you have the latest version of AUTHESIS class.
(./sources/auecon.clo
File: auecon.clo 2006/09/14
) (./sources/aut12.clo
File: aut11.clo 2005/04/19
) (/usr/local/texlive/2020/texmf-dist/tex/latex/amsmath/amsmath.sty
Package: amsmath 2020/01/20 v2.17e AMS math features
\@mathmargin=\skip47

For additional information on amsmath, use the `?' option.
(/usr/local/texlive/2020/texmf-dist/tex/latex/amsmath/amstext.sty
Package: amstext 2000/06/29 v2.01 AMS text
 (/usr/local/texlive/2020/texmf-dist/tex/latex/amsmath/amsgen.sty
File: amsgen.sty 1999/11/30 v2.0 generic functions
\@emptytoks=\toks15
\ex@=\dimen134
)) (/usr/local/texlive/2020/texmf-dist/tex/latex/amsmath/amsbsy.sty
Package: amsbsy 1999/11/29 v1.2d Bold Symbols
\pmbraise@=\dimen135
) (/usr/local/texlive/2020/texmf-dist/tex/latex/amsmath/amsopn.sty
Package: amsopn 2016/03/08 v2.02 operator names
)
\inf@bad=\count167
LaTeX Info: Redefining \frac on input line 227.
\uproot@=\count168
\leftroot@=\count169
LaTeX Info: Redefining \overline on input line 389.
\classnum@=\count170
\DOTSCASE@=\count171
LaTeX Info: Redefining \ldots on input line 486.
LaTeX Info: Redefining \dots on input line 489.
LaTeX Info: Redefining \cdots on input line 610.
\Mathstrutbox@=\box45
\strutbox@=\box46
\big@size=\dimen136
LaTeX Font Info:    Redeclaring font encoding OML on input line 733.
LaTeX Font Info:    Redeclaring font encoding OMS on input line 734.
\macc@depth=\count172
\c@MaxMatrixCols=\count173
\dotsspace@=\muskip16
\c@parentequation=\count174
\dspbrk@lvl=\count175
\tag@help=\toks16
\row@=\count176
\column@=\count177
\maxfields@=\count178
\andhelp@=\toks17
\eqnshift@=\dimen137
\alignsep@=\dimen138
\tagshift@=\dimen139
\tagwidth@=\dimen140
\totwidth@=\dimen141
\lineht@=\dimen142
\@envbody=\toks18
\multlinegap=\skip48
\multlinetaggap=\skip49
\mathdisplay@stack=\toks19
LaTeX Info: Redefining \[ on input line 2859.
LaTeX Info: Redefining \] on input line 2860.
)
\descriptionmargin=\dimen143
\c@part=\count179
\c@chapter=\count180
\c@section=\count181
\c@subsection=\count182
\c@subsubsection=\count183
\c@paragraph=\count184
\c@subparagraph=\count185
\abovecaptionskip=\skip50
\belowcaptionskip=\skip51
\c@figure=\count186
\c@table=\count187
) (/usr/local/texlive/2020/texmf-dist/tex/latex/natbib/natbib.sty
Package: natbib 2010/09/13 8.31b (PWD, AO)
\bibhang=\skip52
\bibsep=\skip53
LaTeX Info: Redefining \cite on input line 694.
\c@NAT@ctr=\count188
) (/usr/local/texlive/2020/texmf-dist/tex/latex/hyperref/hyperref.sty
Package: hyperref 2020/01/14 v7.00d Hypertext links for LaTeX
 (/usr/local/texlive/2020/texmf-dist/tex/generic/ltxcmds/ltxcmds.sty
Package: ltxcmds 2019/12/15 v1.24 LaTeX kernel commands for general use (HO)
) (/usr/local/texlive/2020/texmf-dist/tex/generic/iftex/iftex.sty
Package: iftex 2020/03/06 v1.0d TeX engine tests
) (/usr/local/texlive/2020/texmf-dist/tex/latex/pdftexcmds/pdftexcmds.sty
Package: pdftexcmds 2019/11/24 v0.31 Utility functions of pdfTeX for LuaTeX (HO)
 (/usr/local/texlive/2020/texmf-dist/tex/generic/infwarerr/infwarerr.sty
Package: infwarerr 2019/12/03 v1.5 Providing info/warning/error messages (HO)
)
Package pdftexcmds Info: \pdf@primitive is available.
Package pdftexcmds Info: \pdf@ifprimitive is available.
Package pdftexcmds Info: \pdfdraftmode found.
) (/usr/local/texlive/2020/texmf-dist/tex/latex/graphics/keyval.sty
Package: keyval 2014/10/28 v1.15 key=value parser (DPC)
\KV@toks@=\toks20
) (/usr/local/texlive/2020/texmf-dist/tex/generic/kvsetkeys/kvsetkeys.sty
Package: kvsetkeys 2019/12/15 v1.18 Key value parser (HO)
) (/usr/local/texlive/2020/texmf-dist/tex/generic/kvdefinekeys/kvdefinekeys.sty
Package: kvdefinekeys 2019-12-19 v1.6 Define keys (HO)
) (/usr/local/texlive/2020/texmf-dist/tex/generic/pdfescape/pdfescape.sty
Package: pdfescape 2019/12/09 v1.15 Implements pdfTeX's escape features (HO)
) (/usr/local/texlive/2020/texmf-dist/tex/latex/hycolor/hycolor.sty
Package: hycolor 2020-01-27 v1.10 Color options for hyperref/bookmark (HO)
) (/usr/local/texlive/2020/texmf-dist/tex/latex/letltxmacro/letltxmacro.sty
Package: letltxmacro 2019/12/03 v1.6 Let assignment for LaTeX macros (HO)
) (/usr/local/texlive/2020/texmf-dist/tex/latex/auxhook/auxhook.sty
Package: auxhook 2019-12-17 v1.6 Hooks for auxiliary files (HO)
) (/usr/local/texlive/2020/texmf-dist/tex/latex/kvoptions/kvoptions.sty
Package: kvoptions 2019/11/29 v3.13 Key value format for package options (HO)
)
\@linkdim=\dimen144
\Hy@linkcounter=\count189
\Hy@pagecounter=\count190
 (/usr/local/texlive/2020/texmf-dist/tex/latex/hyperref/pd1enc.def
File: pd1enc.def 2020/01/14 v7.00d Hyperref: PDFDocEncoding definition (HO)
Now handling font encoding PD1 ...
... no UTF-8 mapping file for font encoding PD1
) (/usr/local/texlive/2020/texmf-dist/tex/generic/intcalc/intcalc.sty
Package: intcalc 2019/12/15 v1.3 Expandable calculations with integers (HO)
) (/usr/local/texlive/2020/texmf-dist/tex/generic/etexcmds/etexcmds.sty
Package: etexcmds 2019/12/15 v1.7 Avoid name clashes with e-TeX commands (HO)
)
\Hy@SavedSpaceFactor=\count191
Package hyperref Info: Option `breaklinks' set `true' on input line 4421.
Package hyperref Info: Hyper figures OFF on input line 4547.
Package hyperref Info: Link nesting OFF on input line 4552.
Package hyperref Info: Hyper index ON on input line 4555.
Package hyperref Info: Plain pages OFF on input line 4562.
Package hyperref Info: Backreferencing OFF on input line 4567.
Package hyperref Info: Implicit mode ON; LaTeX internals redefined.
Package hyperref Info: Bookmarks ON on input line 4800.
\c@Hy@tempcnt=\count192
 (/usr/local/texlive/2020/texmf-dist/tex/latex/url/url.sty
\Urlmuskip=\muskip17
Package: url 2013/09/16  ver 3.4  Verb mode for urls, etc.
)
LaTeX Info: Redefining \url on input line 5159.
\XeTeXLinkMargin=\dimen145
 (/usr/local/texlive/2020/texmf-dist/tex/generic/bitset/bitset.sty
Package: bitset 2019/12/09 v1.3 Handle bit-vector datatype (HO)
 (/usr/local/texlive/2020/texmf-dist/tex/generic/bigintcalc/bigintcalc.sty
Package: bigintcalc 2019/12/15 v1.5 Expandable calculations on big integers (HO)
))
\Fld@menulength=\count193
\Field@Width=\dimen146
\Fld@charsize=\dimen147
Package hyperref Info: Hyper figures OFF on input line 6430.
Package hyperref Info: Link nesting OFF on input line 6435.
Package hyperref Info: Hyper index ON on input line 6438.
Package hyperref Info: backreferencing OFF on input line 6445.
Package hyperref Info: Link coloring OFF on input line 6450.
Package hyperref Info: Link coloring with OCG OFF on input line 6455.
Package hyperref Info: PDF/A mode OFF on input line 6460.
LaTeX Info: Redefining \ref on input line 6500.
LaTeX Info: Redefining \pageref on input line 6504.
 (/usr/local/texlive/2020/texmf-dist/tex/generic/atbegshi/atbegshi.sty
Package: atbegshi 2019/12/05 v1.19 At begin shipout hook (HO)
)
\Hy@abspage=\count194
\c@Item=\count195
\c@Hfootnote=\count196
)
Package hyperref Info: Driver (autodetected): hpdftex.
 (/usr/local/texlive/2020/texmf-dist/tex/latex/hyperref/hpdftex.def
File: hpdftex.def 2020/01/14 v7.00d Hyperref driver for pdfTeX
 (/usr/local/texlive/2020/texmf-dist/tex/latex/atveryend/atveryend.sty
Package: atveryend 2019-12-11 v1.11 Hooks at the very end of document (HO)
Package atveryend Info: \enddocument detected (standard20110627).
)
\Fld@listcount=\count197
\c@bookmark@seq@number=\count198
 (/usr/local/texlive/2020/texmf-dist/tex/latex/rerunfilecheck/rerunfilecheck.sty
Package: rerunfilecheck 2019/12/05 v1.9 Rerun checks for auxiliary files (HO)
 (/usr/local/texlive/2020/texmf-dist/tex/generic/uniquecounter/uniquecounter.sty
Package: uniquecounter 2019/12/15 v1.4 Provide unlimited unique counter (HO)
)
Package uniquecounter Info: New unique counter `rerunfilecheck' on input line 286.
)
\Hy@SectionHShift=\skip54
)
(/usr/local/texlive/2020/texmf-dist/tex/latex/breakurl/breakurl.sty
Package: breakurl 2013/04/10 v1.40 Breakable hyperref URLs
 (/usr/local/texlive/2020/texmf-dist/tex/latex/xkeyval/xkeyval.sty
Package: xkeyval 2014/12/03 v2.7a package option processing (HA)
 (/usr/local/texlive/2020/texmf-dist/tex/generic/xkeyval/xkeyval.tex (/usr/local/texlive/2020/texmf-dist/tex/generic/xkeyval/xkvutils.tex
\XKV@toks=\toks21
\XKV@tempa@toks=\toks22
)
\XKV@depth=\count199
File: xkeyval.tex 2014/12/03 v2.7a key=value parser (HA)
)) (/usr/local/texlive/2020/texmf-dist/tex/generic/iftex/ifpdf.sty
Package: ifpdf 2019/10/25 v3.4 ifpdf legacy package. Use iftex instead.
)

Package breakurl Warning: You are using breakurl while processing via pdflatex.
(breakurl)                \burl will be just a synonym of \url.
(breakurl)                 on input line 48.

) (/usr/local/texlive/2020/texmf-dist/tex/latex/threeparttable/threeparttable.sty
Package: threeparttable 2003/06/13  v 3.0
\@tempboxb=\box47
) (/usr/local/texlive/2020/texmf-dist/tex/latex/pgf/frontendlayer/tikz.sty (/usr/local/texlive/2020/texmf-dist/tex/latex/pgf/basiclayer/pgf.sty (/usr/local/texlive/2020/texmf-dist/tex/latex/pgf/utilities/pgfrcs.sty (/usr/local/texlive/2020/texmf-dist/tex/generic/pgf/utilities/pgfutil-common.tex
\pgfutil@everybye=\toks23
\pgfutil@tempdima=\dimen148
\pgfutil@tempdimb=\dimen149
 (/usr/local/texlive/2020/texmf-dist/tex/generic/pgf/utilities/pgfutil-common-lists.tex)) (/usr/local/texlive/2020/texmf-dist/tex/generic/pgf/utilities/pgfutil-latex.def
\pgfutil@abb=\box48
 (/usr/local/texlive/2020/texmf-dist/tex/latex/ms/everyshi.sty
Package: everyshi 2001/05/15 v3.00 EveryShipout Package (MS)
)) (/usr/local/texlive/2020/texmf-dist/tex/generic/pgf/utilities/pgfrcs.code.tex (/usr/local/texlive/2020/texmf-dist/tex/generic/pgf/pgf.revision.tex)
Package: pgfrcs 2020/01/08 v3.1.5b (3.1.5b)
))
Package: pgf 2020/01/08 v3.1.5b (3.1.5b)
 (/usr/local/texlive/2020/texmf-dist/tex/latex/pgf/basiclayer/pgfcore.sty (/usr/local/texlive/2020/texmf-dist/tex/latex/graphics/graphicx.sty
Package: graphicx 2019/11/30 v1.2a Enhanced LaTeX Graphics (DPC,SPQR)
 (/usr/local/texlive/2020/texmf-dist/tex/latex/graphics/graphics.sty
Package: graphics 2019/11/30 v1.4a Standard LaTeX Graphics (DPC,SPQR)
 (/usr/local/texlive/2020/texmf-dist/tex/latex/graphics/trig.sty
Package: trig 2016/01/03 v1.10 sin cos tan (DPC)
) (/usr/local/texlive/2020/texmf-dist/tex/latex/graphics-cfg/graphics.cfg
File: graphics.cfg 2016/06/04 v1.11 sample graphics configuration
)
Package graphics Info: Driver file: pdftex.def on input line 105.
 (/usr/local/texlive/2020/texmf-dist/tex/latex/graphics-def/pdftex.def
File: pdftex.def 2018/01/08 v1.0l Graphics/color driver for pdftex
))
\Gin@req@height=\dimen150
\Gin@req@width=\dimen151
) (/usr/local/texlive/2020/texmf-dist/tex/latex/pgf/systemlayer/pgfsys.sty (/usr/local/texlive/2020/texmf-dist/tex/generic/pgf/systemlayer/pgfsys.code.tex
Package: pgfsys 2020/01/08 v3.1.5b (3.1.5b)
 (/usr/local/texlive/2020/texmf-dist/tex/generic/pgf/utilities/pgfkeys.code.tex
\pgfkeys@pathtoks=\toks24
\pgfkeys@temptoks=\toks25
 (/usr/local/texlive/2020/texmf-dist/tex/generic/pgf/utilities/pgfkeysfiltered.code.tex
\pgfkeys@tmptoks=\toks26
))
\pgf@x=\dimen152
\pgf@y=\dimen153
\pgf@xa=\dimen154
\pgf@ya=\dimen155
\pgf@xb=\dimen156
\pgf@yb=\dimen157
\pgf@xc=\dimen158
\pgf@yc=\dimen159
\pgf@xd=\dimen160
\pgf@yd=\dimen161
\w@pgf@writea=\write3
\r@pgf@reada=\read2
\c@pgf@counta=\count266
\c@pgf@countb=\count267
\c@pgf@countc=\count268
\c@pgf@countd=\count269
\t@pgf@toka=\toks27
\t@pgf@tokb=\toks28
\t@pgf@tokc=\toks29
\pgf@sys@id@count=\count270
 (/usr/local/texlive/2020/texmf-dist/tex/generic/pgf/systemlayer/pgf.cfg
File: pgf.cfg 2020/01/08 v3.1.5b (3.1.5b)
)
Driver file for pgf: pgfsys-pdftex.def
 (/usr/local/texlive/2020/texmf-dist/tex/generic/pgf/systemlayer/pgfsys-pdftex.def
File: pgfsys-pdftex.def 2020/01/08 v3.1.5b (3.1.5b)
 (/usr/local/texlive/2020/texmf-dist/tex/generic/pgf/systemlayer/pgfsys-common-pdf.def
File: pgfsys-common-pdf.def 2020/01/08 v3.1.5b (3.1.5b)
))) (/usr/local/texlive/2020/texmf-dist/tex/generic/pgf/systemlayer/pgfsyssoftpath.code.tex
File: pgfsyssoftpath.code.tex 2020/01/08 v3.1.5b (3.1.5b)
\pgfsyssoftpath@smallbuffer@items=\count271
\pgfsyssoftpath@bigbuffer@items=\count272
) (/usr/local/texlive/2020/texmf-dist/tex/generic/pgf/systemlayer/pgfsysprotocol.code.tex
File: pgfsysprotocol.code.tex 2020/01/08 v3.1.5b (3.1.5b)
)) (/usr/local/texlive/2020/texmf-dist/tex/latex/xcolor/xcolor.sty
Package: xcolor 2016/05/11 v2.12 LaTeX color extensions (UK)

(/usr/local/texlive/2020/texmf-dist/tex/latex/graphics-cfg/color.cfg
File: color.cfg 2016/01/02 v1.6 sample color configuration
)
Package xcolor Info: Driver file: pdftex.def on input line 225.
Package xcolor Info: Model `cmy' substituted by `cmy0' on input line 1348.
Package xcolor Info: Model `hsb' substituted by `rgb' on input line 1352.
Package xcolor Info: Model `RGB' extended on input line 1364.
Package xcolor Info: Model `HTML' substituted by `rgb' on input line 1366.
Package xcolor Info: Model `Hsb' substituted by `hsb' on input line 1367.
Package xcolor Info: Model `tHsb' substituted by `hsb' on input line 1368.
Package xcolor Info: Model `HSB' substituted by `hsb' on input line 1369.
Package xcolor Info: Model `Gray' substituted by `gray' on input line 1370.
Package xcolor Info: Model `wave' substituted by `hsb' on input line 1371.
) (/usr/local/texlive/2020/texmf-dist/tex/generic/pgf/basiclayer/pgfcore.code.tex
Package: pgfcore 2020/01/08 v3.1.5b (3.1.5b)
 (/usr/local/texlive/2020/texmf-dist/tex/generic/pgf/math/pgfmath.code.tex (/usr/local/texlive/2020/texmf-dist/tex/generic/pgf/math/pgfmathcalc.code.tex (/usr/local/texlive/2020/texmf-dist/tex/generic/pgf/math/pgfmathutil.code.tex) (/usr/local/texlive/2020/texmf-dist/tex/generic/pgf/math/pgfmathparser.code.tex
\pgfmath@dimen=\dimen162
\pgfmath@count=\count273
\pgfmath@box=\box49
\pgfmath@toks=\toks30
\pgfmath@stack@operand=\toks31
\pgfmath@stack@operation=\toks32
) (/usr/local/texlive/2020/texmf-dist/tex/generic/pgf/math/pgfmathfunctions.code.tex (/usr/local/texlive/2020/texmf-dist/tex/generic/pgf/math/pgfmathfunctions.basic.code.tex) (/usr/local/texlive/2020/texmf-dist/tex/generic/pgf/math/pgfmathfunctions.trigonometric.code.tex) (/usr/local/texlive/2020/texmf-dist/tex/generic/pgf/math/pgfmathfunctions.random.code.tex) (/usr/local/texlive/2020/texmf-dist/tex/generic/pgf/math/pgfmathfunctions.comparison.code.tex) (/usr/local/texlive/2020/texmf-dist/tex/generic/pgf/math/pgfmathfunctions.base.code.tex) (/usr/local/texlive/2020/texmf-dist/tex/generic/pgf/math/pgfmathfunctions.round.code.tex) (/usr/local/texlive/2020/texmf-dist/tex/generic/pgf/math/pgfmathfunctions.misc.code.tex) (/usr/local/texlive/2020/texmf-dist/tex/generic/pgf/math/pgfmathfunctions.integerarithmetics.code.tex))) (/usr/local/texlive/2020/texmf-dist/tex/generic/pgf/math/pgfmathfloat.code.tex
\c@pgfmathroundto@lastzeros=\count274
)) (/usr/local/texlive/2020/texmf-dist/tex/generic/pgf/math/pgfint.code.tex) (/usr/local/texlive/2020/texmf-dist/tex/generic/pgf/basiclayer/pgfcorepoints.code.tex
File: pgfcorepoints.code.tex 2020/01/08 v3.1.5b (3.1.5b)
\pgf@picminx=\dimen163
\pgf@picmaxx=\dimen164
\pgf@picminy=\dimen165
\pgf@picmaxy=\dimen166
\pgf@pathminx=\dimen167
\pgf@pathmaxx=\dimen168
\pgf@pathminy=\dimen169
\pgf@pathmaxy=\dimen170
\pgf@xx=\dimen171
\pgf@xy=\dimen172
\pgf@yx=\dimen173
\pgf@yy=\dimen174
\pgf@zx=\dimen175
\pgf@zy=\dimen176
) (/usr/local/texlive/2020/texmf-dist/tex/generic/pgf/basiclayer/pgfcorepathconstruct.code.tex
File: pgfcorepathconstruct.code.tex 2020/01/08 v3.1.5b (3.1.5b)
\pgf@path@lastx=\dimen177
\pgf@path@lasty=\dimen178
) (/usr/local/texlive/2020/texmf-dist/tex/generic/pgf/basiclayer/pgfcorepathusage.code.tex
File: pgfcorepathusage.code.tex 2020/01/08 v3.1.5b (3.1.5b)
\pgf@shorten@end@additional=\dimen179
\pgf@shorten@start@additional=\dimen180
) (/usr/local/texlive/2020/texmf-dist/tex/generic/pgf/basiclayer/pgfcorescopes.code.tex
File: pgfcorescopes.code.tex 2020/01/08 v3.1.5b (3.1.5b)
\pgfpic=\box50
\pgf@hbox=\box51
\pgf@layerbox@main=\box52
\pgf@picture@serial@count=\count275
) (/usr/local/texlive/2020/texmf-dist/tex/generic/pgf/basiclayer/pgfcoregraphicstate.code.tex
File: pgfcoregraphicstate.code.tex 2020/01/08 v3.1.5b (3.1.5b)
\pgflinewidth=\dimen181
) (/usr/local/texlive/2020/texmf-dist/tex/generic/pgf/basiclayer/pgfcoretransformations.code.tex
File: pgfcoretransformations.code.tex 2020/01/08 v3.1.5b (3.1.5b)
\pgf@pt@x=\dimen182
\pgf@pt@y=\dimen183
\pgf@pt@temp=\dimen184
)
(/usr/local/texlive/2020/texmf-dist/tex/generic/pgf/basiclayer/pgfcorequick.code.tex
File: pgfcorequick.code.tex 2020/01/08 v3.1.5b (3.1.5b)
) (/usr/local/texlive/2020/texmf-dist/tex/generic/pgf/basiclayer/pgfcoreobjects.code.tex
File: pgfcoreobjects.code.tex 2020/01/08 v3.1.5b (3.1.5b)
) (/usr/local/texlive/2020/texmf-dist/tex/generic/pgf/basiclayer/pgfcorepathprocessing.code.tex
File: pgfcorepathprocessing.code.tex 2020/01/08 v3.1.5b (3.1.5b)
) (/usr/local/texlive/2020/texmf-dist/tex/generic/pgf/basiclayer/pgfcorearrows.code.tex
File: pgfcorearrows.code.tex 2020/01/08 v3.1.5b (3.1.5b)
\pgfarrowsep=\dimen185
) (/usr/local/texlive/2020/texmf-dist/tex/generic/pgf/basiclayer/pgfcoreshade.code.tex
File: pgfcoreshade.code.tex 2020/01/08 v3.1.5b (3.1.5b)
\pgf@max=\dimen186
\pgf@sys@shading@range@num=\count276
\pgf@shadingcount=\count277
) (/usr/local/texlive/2020/texmf-dist/tex/generic/pgf/basiclayer/pgfcoreimage.code.tex
File: pgfcoreimage.code.tex 2020/01/08 v3.1.5b (3.1.5b)
 (/usr/local/texlive/2020/texmf-dist/tex/generic/pgf/basiclayer/pgfcoreexternal.code.tex
File: pgfcoreexternal.code.tex 2020/01/08 v3.1.5b (3.1.5b)
\pgfexternal@startupbox=\box53
)) (/usr/local/texlive/2020/texmf-dist/tex/generic/pgf/basiclayer/pgfcorelayers.code.tex
File: pgfcorelayers.code.tex 2020/01/08 v3.1.5b (3.1.5b)
) (/usr/local/texlive/2020/texmf-dist/tex/generic/pgf/basiclayer/pgfcoretransparency.code.tex
File: pgfcoretransparency.code.tex 2020/01/08 v3.1.5b (3.1.5b)
) (/usr/local/texlive/2020/texmf-dist/tex/generic/pgf/basiclayer/pgfcorepatterns.code.tex
File: pgfcorepatterns.code.tex 2020/01/08 v3.1.5b (3.1.5b)
) (/usr/local/texlive/2020/texmf-dist/tex/generic/pgf/basiclayer/pgfcorerdf.code.tex
File: pgfcorerdf.code.tex 2020/01/08 v3.1.5b (3.1.5b)
))) (/usr/local/texlive/2020/texmf-dist/tex/generic/pgf/modules/pgfmoduleshapes.code.tex
File: pgfmoduleshapes.code.tex 2020/01/08 v3.1.5b (3.1.5b)
\pgfnodeparttextbox=\box54
) (/usr/local/texlive/2020/texmf-dist/tex/generic/pgf/modules/pgfmoduleplot.code.tex
File: pgfmoduleplot.code.tex 2020/01/08 v3.1.5b (3.1.5b)
) (/usr/local/texlive/2020/texmf-dist/tex/latex/pgf/compatibility/pgfcomp-version-0-65.sty
Package: pgfcomp-version-0-65 2020/01/08 v3.1.5b (3.1.5b)
\pgf@nodesepstart=\dimen187
\pgf@nodesepend=\dimen188
) (/usr/local/texlive/2020/texmf-dist/tex/latex/pgf/compatibility/pgfcomp-version-1-18.sty
Package: pgfcomp-version-1-18 2020/01/08 v3.1.5b (3.1.5b)
)) (/usr/local/texlive/2020/texmf-dist/tex/latex/pgf/utilities/pgffor.sty (/usr/local/texlive/2020/texmf-dist/tex/latex/pgf/utilities/pgfkeys.sty (/usr/local/texlive/2020/texmf-dist/tex/generic/pgf/utilities/pgfkeys.code.tex)) (/usr/local/texlive/2020/texmf-dist/tex/latex/pgf/math/pgfmath.sty (/usr/local/texlive/2020/texmf-dist/tex/generic/pgf/math/pgfmath.code.tex)) (/usr/local/texlive/2020/texmf-dist/tex/generic/pgf/utilities/pgffor.code.tex
Package: pgffor 2020/01/08 v3.1.5b (3.1.5b)
 (/usr/local/texlive/2020/texmf-dist/tex/generic/pgf/math/pgfmath.code.tex)
\pgffor@iter=\dimen189
\pgffor@skip=\dimen190
\pgffor@stack=\toks33
\pgffor@toks=\toks34
)) (/usr/local/texlive/2020/texmf-dist/tex/generic/pgf/frontendlayer/tikz/tikz.code.tex
Package: tikz 2020/01/08 v3.1.5b (3.1.5b)
 (/usr/local/texlive/2020/texmf-dist/tex/generic/pgf/libraries/pgflibraryplothandlers.code.tex
File: pgflibraryplothandlers.code.tex 2020/01/08 v3.1.5b (3.1.5b)
\pgf@plot@mark@count=\count278
\pgfplotmarksize=\dimen191
)
\tikz@lastx=\dimen192
\tikz@lasty=\dimen193
\tikz@lastxsaved=\dimen194
\tikz@lastysaved=\dimen195
\tikz@lastmovetox=\dimen196
\tikz@lastmovetoy=\dimen197
\tikzleveldistance=\dimen198
\tikzsiblingdistance=\dimen199
\tikz@figbox=\box55
\tikz@figbox@bg=\box56
\tikz@tempbox=\box57
\tikz@tempbox@bg=\box58
\tikztreelevel=\count279
\tikznumberofchildren=\count280
\tikznumberofcurrentchild=\count281
\tikz@fig@count=\count282

(/usr/local/texlive/2020/texmf-dist/tex/generic/pgf/modules/pgfmodulematrix.code.tex
File: pgfmodulematrix.code.tex 2020/01/08 v3.1.5b (3.1.5b)
\pgfmatrixcurrentrow=\count283
\pgfmatrixcurrentcolumn=\count284
\pgf@matrix@numberofcolumns=\count285
)
\tikz@expandcount=\count286
 (/usr/local/texlive/2020/texmf-dist/tex/generic/pgf/frontendlayer/tikz/libraries/tikzlibrarytopaths.code.tex
File: tikzlibrarytopaths.code.tex 2020/01/08 v3.1.5b (3.1.5b)
))) (/usr/local/texlive/2020/texmf-dist/tex/generic/pgf/frontendlayer/tikz/libraries/tikzlibraryarrows.code.tex
File: tikzlibraryarrows.code.tex 2020/01/08 v3.1.5b (3.1.5b)
 (/usr/local/texlive/2020/texmf-dist/tex/generic/pgf/libraries/pgflibraryarrows.code.tex
File: pgflibraryarrows.code.tex 2020/01/08 v3.1.5b (3.1.5b)
\arrowsize=\dimen256
)) (/usr/local/texlive/2020/texmf-dist/tex/latex/pdflscape/pdflscape.sty
Package: pdflscape 2019/12/05 v0.12 Display of landscape pages in PDF (HO)
 (/usr/local/texlive/2020/texmf-dist/tex/latex/graphics/lscape.sty
Package: lscape 2000/10/22 v3.01 Landscape Pages (DPC)
)
Package pdflscape Info: Auto-detected driver: pdftex on input line 81.
) (/usr/local/texlive/2020/texmf-dist/tex/latex/caption/caption.sty
Package: caption 2020/01/03 v3.4h Customizing captions (AR)
 (/usr/local/texlive/2020/texmf-dist/tex/latex/caption/caption3.sty
Package: caption3 2020/01/03 v1.8h caption3 kernel (AR)
Package caption3 Info: TeX engine: e-TeX on input line 61.
\captionmargin=\dimen257
\captionmargin@=\dimen258
\captionwidth=\dimen259
\caption@tempdima=\dimen260
\caption@indent=\dimen261
\caption@parindent=\dimen262
\caption@hangindent=\dimen263
Package caption Info: Unknown document class (or package),
(caption)             standard defaults will be used.
Package caption Info: \@makecaption = \long macro:#1#2->\vskip \abovecaptionskip \sbox \@tempboxa {#1. #2}\ifdim \wd \@tempboxa >\hsize #1. #2\par \else \global \@minipagefalse \hb@xt@ \hsize {\hfil \box \@tempboxa \hfil }\fi \vskip \belowcaptionskip  on input line 1082.
)

Package caption Warning: Unknown document class (or package),
(caption)                standard defaults will be used.
See the caption package documentation for explanation.

\c@caption@flags=\count287
\c@continuedfloat=\count288
Package caption Info: hyperref package is loaded.
Package caption Info: threeparttable package is loaded.
) (/usr/local/texlive/2020/texmf-dist/tex/latex/float/float.sty
Package: float 2001/11/08 v1.3d Float enhancements (AL)
\c@float@type=\count289
\float@exts=\toks35
\float@box=\box59
\@float@everytoks=\toks36
\@floatcapt=\box60
) (/usr/local/texlive/2020/texmf-dist/tex/latex/tools/longtable.sty
Package: longtable 2020/01/07 v4.13 Multi-page Table package (DPC)
\LTleft=\skip55
\LTright=\skip56
\LTpre=\skip57
\LTpost=\skip58
\LTchunksize=\count290
\LTcapwidth=\dimen264
\LT@head=\box61
\LT@firsthead=\box62
\LT@foot=\box63
\LT@lastfoot=\box64
\LT@cols=\count291
\LT@rows=\count292
\c@LT@tables=\count293
\c@LT@chunks=\count294
\LT@p@ftn=\toks37
) (/usr/local/texlive/2020/texmf-dist/tex/latex/booktabs/booktabs.sty
Package: booktabs 2020/01/12 v1.61803398 Publication quality tables
\heavyrulewidth=\dimen265
\lightrulewidth=\dimen266
\cmidrulewidth=\dimen267
\belowrulesep=\dimen268
\belowbottomsep=\dimen269
\aboverulesep=\dimen270
\abovetopsep=\dimen271
\cmidrulesep=\dimen272
\cmidrulekern=\dimen273
\defaultaddspace=\dimen274
\@cmidla=\count295
\@cmidlb=\count296
\@aboverulesep=\dimen275
\@belowrulesep=\dimen276
\@thisruleclass=\count297
\@lastruleclass=\count298
\@thisrulewidth=\dimen277
) (/usr/local/texlive/2020/texmf-dist/tex/latex/adjustbox/adjustbox.sty
Package: adjustbox 2019/01/04 v1.2 Adjusting TeX boxes (trim, clip, ...)
 (/usr/local/texlive/2020/texmf-dist/tex/latex/adjustbox/adjcalc.sty
Package: adjcalc 2012/05/16 v1.1 Provides advanced setlength with multiple back-ends (calc, etex, pgfmath)
) (/usr/local/texlive/2020/texmf-dist/tex/latex/adjustbox/trimclip.sty
Package: trimclip 2018/04/08 v1.1 Trim and clip general TeX material
 (/usr/local/texlive/2020/texmf-dist/tex/latex/collectbox/collectbox.sty
Package: collectbox 2012/05/17 v0.4b Collect macro arguments as boxes
\collectedbox=\box65
)
\tc@llx=\dimen278
\tc@lly=\dimen279
\tc@urx=\dimen280
\tc@ury=\dimen281
Package trimclip Info: Using driver 'tc-pdftex.def'.
 (/usr/local/texlive/2020/texmf-dist/tex/latex/adjustbox/tc-pdftex.def
File: tc-pdftex.def 2019/01/04 v2.2 Clipping driver for pdftex
))
\adjbox@Width=\dimen282
\adjbox@Height=\dimen283
\adjbox@Depth=\dimen284
\adjbox@Totalheight=\dimen285
\adjbox@pwidth=\dimen286
\adjbox@pheight=\dimen287
\adjbox@pdepth=\dimen288
\adjbox@ptotalheight=\dimen289
 (/usr/local/texlive/2020/texmf-dist/tex/latex/ifoddpage/ifoddpage.sty
Package: ifoddpage 2016/04/23 v1.1 Conditionals for odd/even page detection
\c@checkoddpage=\count299
) (/usr/local/texlive/2020/texmf-dist/tex/latex/varwidth/varwidth.sty
Package: varwidth 2009/03/30 ver 0.92;  Variable-width minipages
\@vwid@box=\box66
\sift@deathcycles=\count300
\@vwid@loff=\dimen290
\@vwid@roff=\dimen291
)) (/usr/local/texlive/2020/texmf-dist/tex/latex/tools/dcolumn.sty
Package: dcolumn 2014/10/28 v1.06 decimal alignment package (DPC)
 (/usr/local/texlive/2020/texmf-dist/tex/latex/tools/array.sty
Package: array 2019/08/31 v2.4l Tabular extension package (FMi)
\col@sep=\dimen292
\ar@mcellbox=\box67
\extrarowheight=\dimen293
\NC@list=\toks38
\extratabsurround=\skip59
\backup@length=\skip60
\ar@cellbox=\box68
)) (/usr/local/texlive/2020/texmf-dist/tex/latex/tools/bm.sty
Package: bm 2019/07/24 v1.2d Bold Symbol Support (DPC/FMi)
\symboldoperators=\mathgroup4
\symboldletters=\mathgroup5
\symboldsymbols=\mathgroup6
LaTeX Font Info:    Redeclaring math alphabet \mathbf on input line 141.
LaTeX Info: Redefining \bm on input line 209.
) (/usr/local/texlive/2020/texmf-dist/tex/latex/changepage/changepage.sty
Package: changepage 2009/10/20 v1.0c check page and change page layout
\c@cp@cntr=\count301
\cp@tempcnt=\count302
LaTeX Info: Redefining \checkoddpage on input line 59.
) (/usr/local/texlive/2020/texmf-dist/tex/latex/amsfonts/amsfonts.sty
Package: amsfonts 2013/01/14 v3.01 Basic AMSFonts support
\symAMSa=\mathgroup7
\symAMSb=\mathgroup8
LaTeX Font Info:    Redeclaring math symbol \hbar on input line 98.
LaTeX Font Info:    Overwriting math alphabet `\mathfrak' in version `bold'
(Font)                  U/euf/m/n --> U/euf/b/n on input line 106.
) (/usr/local/texlive/2020/texmf-dist/tex/latex/scalerel/scalerel.sty
Package: scalerel 2016/12/29 v1.8 Routines for constrained scaling and stretching of objects, relative to a reference object or in absolute terms
 (/usr/local/texlive/2020/texmf-dist/tex/latex/tools/calc.sty
Package: calc 2017/05/25 v4.3 Infix arithmetic (KKT,FJ)
\calc@Acount=\count303
\calc@Bcount=\count304
\calc@Adimen=\dimen294
\calc@Bdimen=\dimen295
\calc@Askip=\skip61
\calc@Bskip=\skip62
LaTeX Info: Redefining \setlength on input line 80.
LaTeX Info: Redefining \addtolength on input line 81.
\calc@Ccount=\count305
\calc@Cskip=\skip63
) (/usr/local/texlive/2020/texmf-dist/tex/latex/etoolbox/etoolbox.sty
Package: etoolbox 2019/09/21 v2.5h e-TeX tools for LaTeX (JAW)
\etb@tempcnta=\count306
)
\thesrwidth=\skip64
\thesrheight=\skip65
\srblobheight=\skip66
\srblobdepth=\skip67
\mnxsrwidth=\skip68
\LMex=\skip69
\LMpt=\skip70
) (/usr/local/texlive/2020/texmf-dist/tex/latex/stackengine/stackengine.sty
Package: stackengine 2017/02/13 v4.01\ Stacking text and objects in convenient ways
 (/usr/local/texlive/2020/texmf-dist/tex/generic/listofitems/listofitems.sty (/usr/local/texlive/2020/texmf-dist/tex/generic/listofitems/listofitems.tex
\loi_cnt_foreach_nest=\count307
\loi_nestcnt=\count308
)
Package: listofitems 2019/08/21 v1.63 Grab items in lists using user-specified sep char (CT)
)
\c@@stackindex=\count309
\@boxshift=\skip71
\stack@tmplength=\skip72
\temp@stkl=\skip73
\@stackedboxwidth=\skip74
\@addedbox=\box69
\@anchorbox=\box70
\stackedbox=\box71
\@centerbox=\box72
\c@ROWcellindex@=\count310
) (/usr/local/texlive/2020/texmf-dist/tex/generic/pgf/frontendlayer/tikz/libraries/tikzlibraryshapes.code.tex
File: tikzlibraryshapes.code.tex 2020/01/08 v3.1.5b (3.1.5b)
 (/usr/local/texlive/2020/texmf-dist/tex/generic/pgf/frontendlayer/tikz/libraries/tikzlibraryshapes.geometric.code.tex
File: tikzlibraryshapes.geometric.code.tex 2020/01/08 v3.1.5b (3.1.5b)
 (/usr/local/texlive/2020/texmf-dist/tex/generic/pgf/libraries/shapes/pgflibraryshapes.geometric.code.tex
File: pgflibraryshapes.geometric.code.tex 2020/01/08 v3.1.5b (3.1.5b)
)) (/usr/local/texlive/2020/texmf-dist/tex/generic/pgf/frontendlayer/tikz/libraries/tikzlibraryshapes.misc.code.tex
File: tikzlibraryshapes.misc.code.tex 2020/01/08 v3.1.5b (3.1.5b)
 (/usr/local/texlive/2020/texmf-dist/tex/generic/pgf/libraries/shapes/pgflibraryshapes.misc.code.tex
File: pgflibraryshapes.misc.code.tex 2020/01/08 v3.1.5b (3.1.5b)
))
(/usr/local/texlive/2020/texmf-dist/tex/generic/pgf/frontendlayer/tikz/libraries/tikzlibraryshapes.symbols.code.tex
File: tikzlibraryshapes.symbols.code.tex 2020/01/08 v3.1.5b (3.1.5b)
 (/usr/local/texlive/2020/texmf-dist/tex/generic/pgf/libraries/shapes/pgflibraryshapes.symbols.code.tex
File: pgflibraryshapes.symbols.code.tex 2020/01/08 v3.1.5b (3.1.5b)
)) (/usr/local/texlive/2020/texmf-dist/tex/generic/pgf/frontendlayer/tikz/libraries/tikzlibraryshapes.arrows.code.tex
File: tikzlibraryshapes.arrows.code.tex 2020/01/08 v3.1.5b (3.1.5b)
 (/usr/local/texlive/2020/texmf-dist/tex/generic/pgf/libraries/shapes/pgflibraryshapes.arrows.code.tex
File: pgflibraryshapes.arrows.code.tex 2020/01/08 v3.1.5b (3.1.5b)
)) (/usr/local/texlive/2020/texmf-dist/tex/generic/pgf/frontendlayer/tikz/libraries/tikzlibraryshapes.callouts.code.tex (/usr/local/texlive/2020/texmf-dist/tex/generic/pgf/libraries/shapes/pgflibraryshapes.callouts.code.tex)) (/usr/local/texlive/2020/texmf-dist/tex/generic/pgf/frontendlayer/tikz/libraries/tikzlibraryshapes.multipart.code.tex
File: tikzlibraryshapes.multipart.code.tex 2020/01/08 v3.1.5b (3.1.5b)
 (/usr/local/texlive/2020/texmf-dist/tex/generic/pgf/libraries/shapes/pgflibraryshapes.multipart.code.tex
File: pgflibraryshapes.multipart.code.tex 2020/01/08 v3.1.5b (3.1.5b)
\pgfnodepartlowerbox=\box73
\pgfnodeparttwobox=\box74
\pgfnodepartthreebox=\box75
\pgfnodepartfourbox=\box76
\pgfnodeparttwentybox=\box77
\pgfnodepartnineteenbox=\box78
\pgfnodeparteighteenbox=\box79
\pgfnodepartseventeenbox=\box80
\pgfnodepartsixteenbox=\box81
\pgfnodepartfifteenbox=\box82
\pgfnodepartfourteenbox=\box83
\pgfnodepartthirteenbox=\box84
\pgfnodeparttwelvebox=\box85
\pgfnodepartelevenbox=\box86
\pgfnodeparttenbox=\box87
\pgfnodepartninebox=\box88
\pgfnodeparteightbox=\box89
\pgfnodepartsevenbox=\box90
\pgfnodepartsixbox=\box91
\pgfnodepartfivebox=\box92
))) (/usr/local/texlive/2020/texmf-dist/tex/generic/pgf/frontendlayer/tikz/libraries/tikzlibrarypositioning.code.tex
File: tikzlibrarypositioning.code.tex 2020/01/08 v3.1.5b (3.1.5b)
) (/usr/local/texlive/2020/texmf-dist/tex/latex/l3backend/l3backend-pdfmode.def
File: l3backend-pdfmode.def 2020-03-12 L3 backend support: PDF mode
\l__kernel_color_stack_int=\count311
\l__pdf_internal_box=\box93
) (/Users/simonheuberger/dissertation/diss/thesis/.texpadtmp/dissertation.aux)
\openout1 = `dissertation.aux'.

LaTeX Font Info:    Checking defaults for OML/cmm/m/it on input line 148.
LaTeX Font Info:    ... okay on input line 148.
LaTeX Font Info:    Checking defaults for OMS/cmsy/m/n on input line 148.
LaTeX Font Info:    ... okay on input line 148.
LaTeX Font Info:    Checking defaults for OT1/cmr/m/n on input line 148.
LaTeX Font Info:    ... okay on input line 148.
LaTeX Font Info:    Checking defaults for T1/cmr/m/n on input line 148.
LaTeX Font Info:    ... okay on input line 148.
LaTeX Font Info:    Checking defaults for TS1/cmr/m/n on input line 148.
LaTeX Font Info:    ... okay on input line 148.
LaTeX Font Info:    Checking defaults for OMX/cmex/m/n on input line 148.
LaTeX Font Info:    ... okay on input line 148.
LaTeX Font Info:    Checking defaults for U/cmr/m/n on input line 148.
LaTeX Font Info:    ... okay on input line 148.
LaTeX Font Info:    Checking defaults for PD1/pdf/m/n on input line 148.
LaTeX Font Info:    ... okay on input line 148.
\AtBeginShipoutBox=\box94


Package hyperref Warning: Height of page (\paperheight) is invalid (0.0pt),
(hyperref)                using 11in.

Package hyperref Info: Link coloring OFF on input line 148.
(/usr/local/texlive/2020/texmf-dist/tex/latex/hyperref/nameref.sty
Package: nameref 2019/09/16 v2.46 Cross-referencing by name of section
 (/usr/local/texlive/2020/texmf-dist/tex/latex/refcount/refcount.sty
Package: refcount 2019/12/15 v3.6 Data extraction from label references (HO)
) (/usr/local/texlive/2020/texmf-dist/tex/generic/gettitlestring/gettitlestring.sty
Package: gettitlestring 2019/12/15 v1.6 Cleanup title references (HO)
)
\c@section@level=\count312
)
LaTeX Info: Redefining \ref on input line 148.
LaTeX Info: Redefining \pageref on input line 148.
LaTeX Info: Redefining \nameref on input line 148.
 (/Users/simonheuberger/dissertation/diss/thesis/.texpadtmp/dissertation.out) (/Users/simonheuberger/dissertation/diss/thesis/.texpadtmp/dissertation.out)
\@outlinefile=\write4
\openout4 = `dissertation.out'.

 ABD: EveryShipout initializing macros (/usr/local/texlive/2020/texmf-dist/tex/context/base/mkii/supp-pdf.mkii
[Loading MPS to PDF converter (version 2006.09.02).]
\scratchcounter=\count313
\scratchdimen=\dimen296
\scratchbox=\box95
\nofMPsegments=\count314
\nofMParguments=\count315
\everyMPshowfont=\toks39
\MPscratchCnt=\count316
\MPscratchDim=\dimen297
\MPnumerator=\count317
\makeMPintoPDFobject=\count318
\everyMPtoPDFconversion=\toks40
) (/usr/local/texlive/2020/texmf-dist/tex/latex/epstopdf-pkg/epstopdf-base.sty
Package: epstopdf-base 2020-01-24 v2.11 Base part for package epstopdf
Package epstopdf-base Info: Redefining graphics rule for `.eps' on input line 485.
 (/usr/local/texlive/2020/texmf-dist/tex/latex/latexconfig/epstopdf-sys.cfg
File: epstopdf-sys.cfg 2010/07/13 v1.3 Configuration of (r)epstopdf for TeX Live
))
Package caption Info: Begin \AtBeginDocument code.
Package caption Info: float package is loaded.
Package caption Info: longtable package is loaded.
 (/usr/local/texlive/2020/texmf-dist/tex/latex/caption/ltcaption.sty
Package: ltcaption 2018/08/26 v1.4a longtable captions (AR)
)
Package caption Info: End \AtBeginDocument code.
LaTeX Font Info:    Trying to load font information for U+msa on input line 151.
 (/usr/local/texlive/2020/texmf-dist/tex/latex/amsfonts/umsa.fd
File: umsa.fd 2013/01/14 v3.01 AMS symbols A
)
LaTeX Font Info:    Trying to load font information for U+msb on input line 151.
 (/usr/local/texlive/2020/texmf-dist/tex/latex/amsfonts/umsb.fd
File: umsb.fd 2013/01/14 v3.01 AMS symbols B
) [1

{/Users/simonheuberger/Library/texlive/2020/texmf-var/fonts/map/pdftex/updmap/pdftex.map}] [2

] [1

] [2

] [3

] (/Users/simonheuberger/dissertation/diss/thesis/.texpadtmp/dissertation.lot
Overfull \hbox (2.65636pt too wide) in paragraph at lines 14--14
 [][] [][]\OT1/cmr/m/n/12 Accuracy of Mul-ti-ple Im-pu-ta-tion Meth-ods. ANES and CCES Data, MNAR, 
 []

[4

]
Overfull \hbox (2.65636pt too wide) in paragraph at lines 36--36
 [][] [][]\OT1/cmr/m/n/12 Accuracy of Mul-ti-ple Im-pu-ta-tion Meth-ods. ANES and CCES Data, MNAR, 
 []


Overfull \hbox (2.65636pt too wide) in paragraph at lines 38--38
 [][] [][]\OT1/cmr/m/n/12 Accuracy of Mul-ti-ple Im-pu-ta-tion Meth-ods. ANES and CCES Data, MNAR, 
 []

)
\tf@lot=\write5
\openout5 = `dissertation.lot'.

 [5] (/Users/simonheuberger/dissertation/diss/thesis/.texpadtmp/dissertation.lof)
\tf@lof=\write6
\openout6 = `dissertation.lof'.

 [6

] (/Users/simonheuberger/dissertation/diss/thesis/.texpadtmp/dissertation.toc [7

] [8])
\tf@toc=\write7
\openout7 = `dissertation.toc'.

 [9]
CHAPTER 1.

Package hyperref Warning: bookmark level for unknown chap defaults to 0.

pdfTeX warning (ext4): destination with the same identifier (name{page.1}) has been already used, duplicate ignored
<to be read again> 
                   \relax 
l.217 S
       ince there currently is no available tool to block online survey expe... [1

]pdfTeX warning (ext4): destination with the same identifier (name{page.2}) has been already used, duplicate ignored
<to be read again> 
                   \relax 
l.220 ...NG ON ORDINAL VARIABLES}\label{ordblock}}
                                                   [2]
CHAPTER 2.

Underfull \vbox (badness 10000) has occurred while \output is active []

 [3

]
Underfull \vbox (badness 10000) has occurred while \output is active []

 [4] [5] [6] [7]

LaTeX Warning: File `dissertation_files/figure-latex/Boxplot-Law-Large-Numbers-1.pdf' not found on input line 294.


./dissertation.tex:294: Package pdftex.def Error: File `dissertation_files/figure-latex/Boxplot-Law-Large-Numbers-1.pdf' not found: using draft setting.

See the pdftex.def package documentation for explanation.
Type  H <return>  for immediate help.
 ...                                              
                                                  
l.294 ...re-latex/Boxplot-Law-Large-Numbers-1.pdf}
                                                  
Try typing  <return>  to proceed.
If that doesn't work, type  X <return>  to quit.

[8]

LaTeX Warning: File `dissertation_files/figure-latex/Hist-Law-Large-Numbers-1.pdf' not found on input line 302.


./dissertation.tex:302: Package pdftex.def Error: File `dissertation_files/figure-latex/Hist-Law-Large-Numbers-1.pdf' not found: using draft setting.

See the pdftex.def package documentation for explanation.
Type  H <return>  for immediate help.
 ...                                              
                                                  
l.302 ...igure-latex/Hist-Law-Large-Numbers-1.pdf}
                                                  
Try typing  <return>  to proceed.
If that doesn't work, type  X <return>  to quit.

[9] [10] [11] [12]
Underfull \vbox (badness 10000) has occurred while \output is active []

 [13] [14] [15] [16]

LaTeX Warning: File `dissertation_files/figure-latex/Barplot-Education-Categories-1.pdf' not found on input line 401.


./dissertation.tex:401: Package pdftex.def Error: File `dissertation_files/figure-latex/Barplot-Education-Categories-1.pdf' not found: using draft setting.

See the pdftex.def package documentation for explanation.
Type  H <return>  for immediate help.
 ...                                              
                                                  
l.401 ...latex/Barplot-Education-Categories-1.pdf}
                                                  
Try typing  <return>  to proceed.
If that doesn't work, type  X <return>  to quit.

[17] [18] [19

] [20]
Overfull \hbox (11.57065pt too wide) in paragraph at lines 504--534
 [][] 
 []

[21

] [22] [23

] [24]

LaTeX Warning: File `dissertation_files/figure-latex/Density-Plot-Placebo-Treatment-1.pdf' not found on input line 664.


./dissertation.tex:664: Package pdftex.def Error: File `dissertation_files/figure-latex/Density-Plot-Placebo-Treatment-1.pdf' not found: using draft setting.

See the pdftex.def package documentation for explanation.
Type  H <return>  for immediate help.
 ...                                              
                                                  
l.664 ...tex/Density-Plot-Placebo-Treatment-1.pdf}
                                                  
Try typing  <return>  to proceed.
If that doesn't work, type  X <return>  to quit.

[25] [26]
Underfull \vbox (badness 10000) has occurred while \output is active []

 [27] [28]
CHAPTER 3.

Underfull \vbox (badness 10000) has occurred while \output is active []

 [29

]
Underfull \vbox (badness 10000) has occurred while \output is active []

 [30]
Underfull \vbox (badness 10000) has occurred while \output is active []

 [31] [32]
Underfull \vbox (badness 4168) has occurred while \output is active []

 [33] [34] [35] [36]
Underfull \vbox (badness 10000) has occurred while \output is active []

 [37] [38] [39]
Underfull \vbox (badness 10000) has occurred while \output is active []

 [40]
LaTeX Font Info:    Font shape `OT1/cmtt/bx/n' in size <12> not available
(Font)              Font shape `OT1/cmtt/m/n' tried instead on input line 830.
 [41]
Underfull \vbox (badness 10000) has occurred while \output is active []

 [42]
<figures/mice.png, id=743, 361.35pt x 54.2025pt>
File: figures/mice.png Graphic file (type png)
<use figures/mice.png>
Package pdftex.def Info: figures/mice.png  used on input line 855.
(pdftex.def)             Requested size: 361.34912pt x 54.20236pt.
 [43]

./dissertation.tex:866: Package inputenc Error: Unicode character 􏰒 (U+10FC12)
(inputenc)                not set up for use with LaTeX.

See the inputenc package documentation for explanation.
Type  H <return>  for immediate help.
 ...                                              
                                                  
l.866 ...o estimate the regression coefficient􏰒
                                                  , imputing a missing value...
You may provide a definition with
\DeclareUnicodeCharacter 


Underfull \vbox (badness 2772) has occurred while \output is active []

 [44 <./figures/mice.png>]
Underfull \vbox (badness 1354) has occurred while \output is active []

 [45]
<figures/amelia.png, id=765, 361.35pt x 99.37125pt>
File: figures/amelia.png Graphic file (type png)
<use figures/amelia.png>
Package pdftex.def Info: figures/amelia.png  used on input line 889.
(pdftex.def)             Requested size: 361.34912pt x 99.371pt.
 [46] [47 <./figures/amelia.png>] [48] [49]
<figures/hot.deck.png, id=793, 361.35pt x 48.18pt>
File: figures/hot.deck.png Graphic file (type png)
<use figures/hot.deck.png>
Package pdftex.def Info: figures/hot.deck.png  used on input line 915.
(pdftex.def)             Requested size: 361.34912pt x 48.17986pt.
 [50 <./figures/hot.deck.png>] [51]
LaTeX Font Info:    Trying to load font information for OMS+cmr on input line 957.
 (/usr/local/texlive/2020/texmf-dist/tex/latex/base/omscmr.fd
File: omscmr.fd 2019/12/16 v2.5j Standard LaTeX font definitions
)
LaTeX Font Info:    Font shape `OMS/cmr/m/n' in size <12> not available
(Font)              Font shape `OMS/cmsy/m/n' tried instead on input line 957.
<figures/hd.ord.png, id=813, 361.35pt x 51.19125pt>
File: figures/hd.ord.png Graphic file (type png)
<use figures/hd.ord.png>
Package pdftex.def Info: figures/hd.ord.png  used on input line 985.
(pdftex.def)             Requested size: 361.34912pt x 51.19112pt.

Underfull \vbox (badness 10000) has occurred while \output is active []

 [52] [53 <./figures/hd.ord.png>]
Underfull \vbox (badness 10000) has occurred while \output is active []

 [54]
Underfull \vbox (badness 10000) has occurred while \output is active []

 [55]
Underfull \vbox (badness 10000) has occurred while \output is active []

 [56]
Underfull \vbox (badness 10000) has occurred while \output is active []

 [57] [58]
Underfull \vbox (badness 1859) has occurred while \output is active []

 [59]
Underfull \vbox (badness 10000) has occurred while \output is active []

 [60]
Underfull \vbox (badness 10000) has occurred while \output is active []

 [61]
Underfull \vbox (badness 2564) has occurred while \output is active []

 [62]
Underfull \vbox (badness 1859) has occurred while \output is active []

 [63] [64]
LaTeX Font Info:    Font shape `OT1/cmtt/bx/n' in size <14.4> not available
(Font)              Font shape `OT1/cmtt/m/n' tried instead on input line 1299.


LaTeX Warning: File `dissertation_files/figure-latex/Density-Plots-Bartels-1992-1.pdf' not found on input line 1345.


./dissertation.tex:1345: Package pdftex.def Error: File `dissertation_files/figure-latex/Density-Plots-Bartels-1992-1.pdf' not found: using draft setting.

See the pdftex.def package documentation for explanation.
Type  H <return>  for immediate help.
 ...                                              
                                                  
l.1345 ...-latex/Density-Plots-Bartels-1992-1.pdf}
                                                  
Try typing  <return>  to proceed.
If that doesn't work, type  X <return>  to quit.

LaTeX Font Info:    Trying to load font information for OML+cmr on input line 1348.
(/usr/local/texlive/2020/texmf-dist/tex/latex/base/omlcmr.fd
File: omlcmr.fd 2019/12/16 v2.5j Standard LaTeX font definitions
)
LaTeX Font Info:    Font shape `OML/cmr/m/n' in size <12> not available
(Font)              Font shape `OML/cmm/m/it' tried instead on input line 1348.
 [65] [66] [67]
Underfull \vbox (badness 10000) has occurred while \output is active []

 [68] [69]
CHAPTER 4.
[70

] [71]
Underfull \vbox (badness 10000) has occurred while \output is active []

 [72]
Underfull \vbox (badness 10000) has occurred while \output is active []

 [73]
Underfull \vbox (badness 10000) has occurred while \output is active []

 [74]
Overfull \hbox (10.24847pt too wide) in paragraph at lines 1394--1395
[]\OT1/cmr/m/n/12 Two of the main in-gre-di-ents of pub-lic opin-ion are com-mit-ment to prin-ci-ples (i.e. moral-
 []

[75]
Underfull \vbox (badness 10000) has occurred while \output is active []

 [76]
Underfull \vbox (badness 2368) has occurred while \output is active []

 [77]
Overfull \hbox (10.24847pt too wide) in paragraph at lines 1429--1430
[]\OT1/cmr/m/n/12 Two of the main in-gre-di-ents of pub-lic opin-ion are com-mit-ment to prin-ci-ples (i.e. moral-
 []

[78]
Underfull \vbox (badness 10000) has occurred while \output is active []

 [79]
Underfull \vbox (badness 10000) has occurred while \output is active []

 [80]
Underfull \vbox (badness 10000) has occurred while \output is active []

 [81]
Underfull \vbox (badness 10000) has occurred while \output is active []

 [82] [83]
Underfull \vbox (badness 10000) has occurred while \output is active []

 [84]
Underfull \vbox (badness 10000) has occurred while \output is active []

 [85]
Underfull \vbox (badness 10000) has occurred while \output is active []

 [86] [87]
Underfull \hbox (badness 10000) in paragraph at lines 1477--1480

 []

[88]
Underfull \vbox (badness 10000) has occurred while \output is active []

 [89] [90]

Package caption Warning: The option `hypcap=true' will be ignored for this
(caption)                particular \caption on input line 1506.
See the caption package documentation for explanation.


Overfull \hbox (56.6399pt too wide) in paragraph at lines 1507--1547
 [][] 
 []

[91

]

LaTeX Warning: File `dissertation_files/figure-latex/Scatterplot-Exponentiated-OP-HC-1.pdf' not found on input line 1561.


./dissertation.tex:1561: Package pdftex.def Error: File `dissertation_files/figure-latex/Scatterplot-Exponentiated-OP-HC-1.pdf' not found: using draft setting.

See the pdftex.def package documentation for explanation.
Type  H <return>  for immediate help.
 ...                                              
                                                  
l.1561 ...x/Scatterplot-Exponentiated-OP-HC-1.pdf}
                                                  
Try typing  <return>  to proceed.
If that doesn't work, type  X <return>  to quit.


LaTeX Warning: File `dissertation_files/figure-latex/Scatterplot-Exponentiated-OP-EV-1.pdf' not found on input line 1566.


./dissertation.tex:1566: Package pdftex.def Error: File `dissertation_files/figure-latex/Scatterplot-Exponentiated-OP-EV-1.pdf' not found: using draft setting.

See the pdftex.def package documentation for explanation.
Type  H <return>  for immediate help.
 ...                                              
                                                  
l.1566 ...x/Scatterplot-Exponentiated-OP-EV-1.pdf}
                                                  
Try typing  <return>  to proceed.
If that doesn't work, type  X <return>  to quit.


LaTeX Warning: File `dissertation_files/figure-latex/Scatterplot-Exponentiated-AN-EV-1.pdf' not found on input line 1572.


./dissertation.tex:1572: Package pdftex.def Error: File `dissertation_files/figure-latex/Scatterplot-Exponentiated-AN-EV-1.pdf' not found: using draft setting.

See the pdftex.def package documentation for explanation.
Type  H <return>  for immediate help.
 ...                                              
                                                  
l.1572 ...x/Scatterplot-Exponentiated-AN-EV-1.pdf}
                                                  
Try typing  <return>  to proceed.
If that doesn't work, type  X <return>  to quit.


Underfull \vbox (badness 10000) has occurred while \output is active []

 [92

] [93] [94] [95]

Package caption Warning: The option `hypcap=true' will be ignored for this
(caption)                particular \caption on input line 1592.
See the caption package documentation for explanation.


Overfull \hbox (40.08429pt too wide) in paragraph at lines 1593--1633
 [][] 
 []

[96

]

Package caption Warning: The option `hypcap=true' will be ignored for this
(caption)                particular \caption on input line 1646.
See the caption package documentation for explanation.


Overfull \hbox (76.63995pt too wide) in paragraph at lines 1647--1687
 [][] 
 []

[97


] [98

]

Package caption Warning: The option `hypcap=true' will be ignored for this
(caption)                particular \caption on input line 1707.
See the caption package documentation for explanation.


Overfull \hbox (61.08435pt too wide) in paragraph at lines 1708--1746
 [][] 
 []

[99

]

Package caption Warning: The option `hypcap=true' will be ignored for this
(caption)                particular \caption on input line 1759.
See the caption package documentation for explanation.


Overfull \hbox (100.08447pt too wide) in paragraph at lines 1760--1798
 [][] 
 []

[100


]
Underfull \vbox (badness 10000) has occurred while \output is active []

 [101

]
Underfull \vbox (badness 10000) has occurred while \output is active []

 [102] [103] [104] [105] [106] [107]
Underfull \vbox (badness 10000) has occurred while \output is active []

 [108] [109]
CHAPTER 5.
[110

]
APPENDIX A.

Underfull \vbox (badness 1845) has occurred while \output is active []

 [111

] [112]
APPENDIX B.
[113

]
Underfull \vbox (badness 10000) has occurred while \output is active []

 [114]
Underfull \vbox (badness 10000) has occurred while \output is active []

 [115] [116] [117] [118] [119] [120] [121] [122] [123] [124] [125]
APPENDIX C.
<data/framing/appendix/questionnaire/questionnaire01.jpg, id=1254, 614.295pt x 794.97pt>
File: data/framing/appendix/questionnaire/questionnaire01.jpg Graphic file (type jpg)
<use data/framing/appendix/questionnaire/questionnaire01.jpg>
Package pdftex.def Info: data/framing/appendix/questionnaire/questionnaire01.jpg  used on input line 2630.
(pdftex.def)             Requested size: 455.30121pt x 589.21475pt.
<data/framing/appendix/questionnaire/questionnaire02.jpg, id=1255, 614.295pt x 794.97pt>
File: data/framing/appendix/questionnaire/questionnaire02.jpg Graphic file (type jpg)
<use data/framing/appendix/questionnaire/questionnaire02.jpg>
Package pdftex.def Info: data/framing/appendix/questionnaire/questionnaire02.jpg  used on input line 2636.
(pdftex.def)             Requested size: 455.30121pt x 589.21475pt.
<data/framing/appendix/questionnaire/questionnaire03.jpg, id=1256, 614.295pt x 794.97pt>
File: data/framing/appendix/questionnaire/questionnaire03.jpg Graphic file (type jpg)
<use data/framing/appendix/questionnaire/questionnaire03.jpg>
Package pdftex.def Info: data/framing/appendix/questionnaire/questionnaire03.jpg  used on input line 2640.
(pdftex.def)             Requested size: 455.30121pt x 589.21475pt.
<data/framing/appendix/questionnaire/questionnaire04.jpg, id=1257, 614.295pt x 794.97pt>
File: data/framing/appendix/questionnaire/questionnaire04.jpg Graphic file (type jpg)
<use data/framing/appendix/questionnaire/questionnaire04.jpg>
Package pdftex.def Info: data/framing/appendix/questionnaire/questionnaire04.jpg  used on input line 2644.
(pdftex.def)             Requested size: 455.30121pt x 589.21475pt.
<data/framing/appendix/questionnaire/questionnaire05.jpg, id=1258, 614.295pt x 794.97pt>
File: data/framing/appendix/questionnaire/questionnaire05.jpg Graphic file (type jpg)
<use data/framing/appendix/questionnaire/questionnaire05.jpg>
Package pdftex.def Info: data/framing/appendix/questionnaire/questionnaire05.jpg  used on input line 2648.
(pdftex.def)             Requested size: 455.30121pt x 589.21475pt.
<data/framing/appendix/questionnaire/questionnaire06.jpg, id=1259, 614.295pt x 794.97pt>
File: data/framing/appendix/questionnaire/questionnaire06.jpg Graphic file (type jpg)
<use data/framing/appendix/questionnaire/questionnaire06.jpg>
Package pdftex.def Info: data/framing/appendix/questionnaire/questionnaire06.jpg  used on input line 2652.
(pdftex.def)             Requested size: 455.30121pt x 589.21475pt.
<data/framing/appendix/questionnaire/questionnaire07.jpg, id=1260, 614.295pt x 794.97pt>
File: data/framing/appendix/questionnaire/questionnaire07.jpg Graphic file (type jpg)
<use data/framing/appendix/questionnaire/questionnaire07.jpg>
Package pdftex.def Info: data/framing/appendix/questionnaire/questionnaire07.jpg  used on input line 2656.
(pdftex.def)             Requested size: 455.30121pt x 589.21475pt.
<data/framing/appendix/questionnaire/questionnaire08.jpg, id=1261, 614.295pt x 794.97pt>
File: data/framing/appendix/questionnaire/questionnaire08.jpg Graphic file (type jpg)
<use data/framing/appendix/questionnaire/questionnaire08.jpg>
Package pdftex.def Info: data/framing/appendix/questionnaire/questionnaire08.jpg  used on input line 2660.
(pdftex.def)             Requested size: 455.30121pt x 589.21475pt.
<data/framing/appendix/questionnaire/questionnaire09.jpg, id=1262, 614.295pt x 794.97pt>
File: data/framing/appendix/questionnaire/questionnaire09.jpg Graphic file (type jpg)
<use data/framing/appendix/questionnaire/questionnaire09.jpg>
Package pdftex.def Info: data/framing/appendix/questionnaire/questionnaire09.jpg  used on input line 2664.
(pdftex.def)             Requested size: 455.30121pt x 589.21475pt.
<data/framing/appendix/questionnaire/questionnaire10.jpg, id=1263, 614.295pt x 794.97pt>
File: data/framing/appendix/questionnaire/questionnaire10.jpg Graphic file (type jpg)
<use data/framing/appendix/questionnaire/questionnaire10.jpg>
Package pdftex.def Info: data/framing/appendix/questionnaire/questionnaire10.jpg  used on input line 2668.
(pdftex.def)             Requested size: 455.30121pt x 589.21475pt.
<data/framing/appendix/questionnaire/questionnaire11.jpg, id=1264, 614.295pt x 794.97pt>
File: data/framing/appendix/questionnaire/questionnaire11.jpg Graphic file (type jpg)
<use data/framing/appendix/questionnaire/questionnaire11.jpg>
Package pdftex.def Info: data/framing/appendix/questionnaire/questionnaire11.jpg  used on input line 2672.
(pdftex.def)             Requested size: 455.30121pt x 589.21475pt.
<data/framing/appendix/questionnaire/questionnaire12.jpg, id=1265, 614.295pt x 794.97pt>
File: data/framing/appendix/questionnaire/questionnaire12.jpg Graphic file (type jpg)
<use data/framing/appendix/questionnaire/questionnaire12.jpg>
Package pdftex.def Info: data/framing/appendix/questionnaire/questionnaire12.jpg  used on input line 2676.
(pdftex.def)             Requested size: 455.30121pt x 589.21475pt.
<data/framing/appendix/questionnaire/questionnaire13.jpg, id=1266, 614.295pt x 794.97pt>
File: data/framing/appendix/questionnaire/questionnaire13.jpg Graphic file (type jpg)
<use data/framing/appendix/questionnaire/questionnaire13.jpg>
Package pdftex.def Info: data/framing/appendix/questionnaire/questionnaire13.jpg  used on input line 2680.
(pdftex.def)             Requested size: 455.30121pt x 589.21475pt.
<data/framing/appendix/questionnaire/questionnaire14.jpg, id=1267, 614.295pt x 794.97pt>
File: data/framing/appendix/questionnaire/questionnaire14.jpg Graphic file (type jpg)
<use data/framing/appendix/questionnaire/questionnaire14.jpg>
Package pdftex.def Info: data/framing/appendix/questionnaire/questionnaire14.jpg  used on input line 2684.
(pdftex.def)             Requested size: 455.30121pt x 589.21475pt.
<data/framing/appendix/questionnaire/questionnaire15.jpg, id=1268, 614.295pt x 794.97pt>
File: data/framing/appendix/questionnaire/questionnaire15.jpg Graphic file (type jpg)
<use data/framing/appendix/questionnaire/questionnaire15.jpg>
Package pdftex.def Info: data/framing/appendix/questionnaire/questionnaire15.jpg  used on input line 2688.
(pdftex.def)             Requested size: 455.30121pt x 589.21475pt.
<data/framing/appendix/questionnaire/questionnaire16.jpg, id=1269, 614.295pt x 794.97pt>
File: data/framing/appendix/questionnaire/questionnaire16.jpg Graphic file (type jpg)
<use data/framing/appendix/questionnaire/questionnaire16.jpg>
Package pdftex.def Info: data/framing/appendix/questionnaire/questionnaire16.jpg  used on input line 2692.
(pdftex.def)             Requested size: 455.30121pt x 589.21475pt.
<data/framing/appendix/questionnaire/questionnaire17.jpg, id=1270, 614.295pt x 794.97pt>
File: data/framing/appendix/questionnaire/questionnaire17.jpg Graphic file (type jpg)
<use data/framing/appendix/questionnaire/questionnaire17.jpg>
Package pdftex.def Info: data/framing/appendix/questionnaire/questionnaire17.jpg  used on input line 2696.
(pdftex.def)             Requested size: 455.30121pt x 589.21475pt.
<data/framing/appendix/questionnaire/questionnaire18.jpg, id=1271, 614.295pt x 794.97pt>
File: data/framing/appendix/questionnaire/questionnaire18.jpg Graphic file (type jpg)
<use data/framing/appendix/questionnaire/questionnaire18.jpg>
Package pdftex.def Info: data/framing/appendix/questionnaire/questionnaire18.jpg  used on input line 2700.
(pdftex.def)             Requested size: 455.30121pt x 589.21475pt.
<data/framing/appendix/questionnaire/questionnaire19.jpg, id=1272, 614.295pt x 794.97pt>
File: data/framing/appendix/questionnaire/questionnaire19.jpg Graphic file (type jpg)
<use data/framing/appendix/questionnaire/questionnaire19.jpg>
Package pdftex.def Info: data/framing/appendix/questionnaire/questionnaire19.jpg  used on input line 2704.
(pdftex.def)             Requested size: 455.30121pt x 589.21475pt.
<data/framing/appendix/questionnaire/questionnaire20.jpg, id=1273, 614.295pt x 794.97pt>
File: data/framing/appendix/questionnaire/questionnaire20.jpg Graphic file (type jpg)
<use data/framing/appendix/questionnaire/questionnaire20.jpg>
Package pdftex.def Info: data/framing/appendix/questionnaire/questionnaire20.jpg  used on input line 2708.
(pdftex.def)             Requested size: 455.30121pt x 589.21475pt.
<data/framing/appendix/questionnaire/questionnaire21.jpg, id=1274, 614.295pt x 794.97pt>
File: data/framing/appendix/questionnaire/questionnaire21.jpg Graphic file (type jpg)
<use data/framing/appendix/questionnaire/questionnaire21.jpg>
Package pdftex.def Info: data/framing/appendix/questionnaire/questionnaire21.jpg  used on input line 2712.
(pdftex.def)             Requested size: 455.30121pt x 589.21475pt.
<data/framing/appendix/questionnaire/questionnaire22.jpg, id=1275, 614.295pt x 794.97pt>
File: data/framing/appendix/questionnaire/questionnaire22.jpg Graphic file (type jpg)
<use data/framing/appendix/questionnaire/questionnaire22.jpg>
Package pdftex.def Info: data/framing/appendix/questionnaire/questionnaire22.jpg  used on input line 2716.
(pdftex.def)             Requested size: 455.30121pt x 589.21475pt.
[126

] [127 <./data/framing/appendix/questionnaire/questionnaire01.jpg>] [128 <./data/framing/appendix/questionnaire/questionnaire02.jpg>] [129 <./data/framing/appendix/questionnaire/questionnaire03.jpg>] [130 <./data/framing/appendix/questionnaire/questionnaire04.jpg>] [131 <./data/framing/appendix/questionnaire/questionnaire05.jpg>] [132 <./data/framing/appendix/questionnaire/questionnaire06.jpg>] [133 <./data/framing/appendix/questionnaire/questionnaire07.jpg>] [134 <./data/framing/appendix/questionnaire/questionnaire08.jpg>] [135 <./data/framing/appendix/questionnaire/questionnaire09.jpg>] [136 <./data/framing/appendix/questionnaire/questionnaire10.jpg>] [137 <./data/framing/appendix/questionnaire/questionnaire11.jpg>] [138 <./data/framing/appendix/questionnaire/questionnaire12.jpg>] [139 <./data/framing/appendix/questionnaire/questionnaire13.jpg>] [140 <./data/framing/appendix/questionnaire/questionnaire14.jpg>] [141 <./data/framing/appendix/questionnaire/questionnaire15.jpg>] [142 <./data/framing/appendix/questionnaire/questionnaire16.jpg>] [143 <./data/framing/appendix/questionnaire/questionnaire17.jpg>] [144 <./data/framing/appendix/questionnaire/questionnaire18.jpg>] [145 <./data/framing/appendix/questionnaire/questionnaire19.jpg>] [146 <./data/framing/appendix/questionnaire/questionnaire20.jpg>] [147 <./data/framing/appendix/questionnaire/questionnaire21.jpg>] [148 <./data/framing/appendix/questionnaire/questionnaire22.jpg>] [149

]
Overfull \hbox (55.15813pt too wide) in paragraph at lines 2775--2777
\OT1/cmr/m/n/12 Ya-mamoto, T. (2017). \OT1/cmr/m/it/12 Pack-age ``cjoint''\OT1/cmr/m/n/12 . https://cran.r-project.org/web/packages/cjoint/cjoint.pdf,
 []

[150]
Overfull \hbox (83.07813pt too wide) in paragraph at lines 2850--2852
\OT1/cmr/m/n/12 Doove, L., ... Gray, B. (2020). \OT1/cmr/m/it/12 Pack-age ``mice''\OT1/cmr/m/n/12 . https://cran.r-project.org/web/packages/mice/mice.pdf,
 []

[151] [152] [153] [154]
Overfull \hbox (110.29301pt too wide) in paragraph at lines 3072--3074
[][]\OT1/cmr/m/n/12 Ginn, J. (2018). \OT1/cmr/m/it/12 Pack-age ``qualtRics''\OT1/cmr/m/n/12 . https://cran.r-project.org/web/packages/qualtRics/qualtRics.pdf,
 []

[155] [156] [157] [158] [159] [160] [161]
Overfull \hbox (1.81377pt too wide) in paragraph at lines 3474--3476
[][]\OT1/cmr/m/n/12 Rosenbaum, P. R. (2002). \OT1/cmr/m/it/12 Ob-ser-va-tional Stud-ies \OT1/cmr/m/n/12 (2nd ed.). New York, NY: Springer. 
 []

[162] [163] [164]
Overfull \hbox (37.46544pt too wide) in paragraph at lines 3603--3605
[][]\OT1/cmr/m/n/12 Testa, C. (2017). \OT1/cmr/m/it/12 Qualtric-sTools\OT1/cmr/m/n/12 . https://github.com/emmamorgan-tufts/QualtricsTools/,
 []

[165] [166]
Package atveryend Info: Empty hook `BeforeClearDocument' on input line 3673.
Package atveryend Info: Empty hook `AfterLastShipout' on input line 3673.
 (/Users/simonheuberger/dissertation/diss/thesis/.texpadtmp/dissertation.aux)
Package atveryend Info: Executing hook `AtVeryEndDocument' on input line 3673.
Package atveryend Info: Executing hook `AtEndAfterFileList' on input line 3673.
Package rerunfilecheck Info: File `dissertation.out' has not changed.
(rerunfilecheck)             Checksum: 1FF4C9E0AE5224C4DA9AB3B1B2E85C65;3805.
Package atveryend Info: Empty hook `AtVeryVeryEnd' on input line 3673.
 ) 
Here is how much of TeX's memory you used:
 23775 strings out of 480608
 476008 string characters out of 5903631
 768423 words of memory out of 5000000
 38370 multiletter control sequences out of 15000+600000
 550058 words of font info for 89 fonts, out of 8000000 for 9000
 1141 hyphenation exceptions out of 8191
 60i,19n,96p,2479b,856s stack positions out of 5000i,500n,10000p,200000b,80000s
{/usr/local/texlive/2020/texmf-dist/fonts/enc/dvips/cm-super/cm-super-ts1.enc}</usr/local/texlive/2020/texmf-dist/fonts/type1/public/amsfonts/cm/cmbx10.pfb></usr/local/texlive/2020/texmf-dist/fonts/type1/public/amsfonts/cm/cmbx12.pfb></usr/local/texlive/2020/texmf-dist/fonts/type1/public/amsfonts/cm/cmex10.pfb></usr/local/texlive/2020/texmf-dist/fonts/type1/public/amsfonts/cm/cmmi10.pfb></usr/local/texlive/2020/texmf-dist/fonts/type1/public/amsfonts/cm/cmmi12.pfb></usr/local/texlive/2020/texmf-dist/fonts/type1/public/amsfonts/cm/cmmi6.pfb></usr/local/texlive/2020/texmf-dist/fonts/type1/public/amsfonts/cm/cmmi8.pfb></usr/local/texlive/2020/texmf-dist/fonts/type1/public/amsfonts/cm/cmmib10.pfb></usr/local/texlive/2020/texmf-dist/fonts/type1/public/amsfonts/cmextra/cmmib8.pfb></usr/local/texlive/2020/texmf-dist/fonts/type1/public/amsfonts/cm/cmr10.pfb></usr/local/texlive/2020/texmf-dist/fonts/type1/public/amsfonts/cm/cmr12.pfb></usr/local/texlive/2020/texmf-dist/fonts/type1/public/amsfonts/cm/cmr17.pfb></usr/local/texlive/2020/texmf-dist/fonts/type1/public/amsfonts/cm/cmr7.pfb></usr/local/texlive/2020/texmf-dist/fonts/type1/public/amsfonts/cm/cmr8.pfb></usr/local/texlive/2020/texmf-dist/fonts/type1/public/amsfonts/cm/cmsy10.pfb></usr/local/texlive/2020/texmf-dist/fonts/type1/public/amsfonts/cm/cmsy8.pfb></usr/local/texlive/2020/texmf-dist/fonts/type1/public/amsfonts/cm/cmti10.pfb></usr/local/texlive/2020/texmf-dist/fonts/type1/public/amsfonts/cm/cmti12.pfb></usr/local/texlive/2020/texmf-dist/fonts/type1/public/amsfonts/cm/cmtt10.pfb></usr/local/texlive/2020/texmf-dist/fonts/type1/public/amsfonts/cm/cmtt12.pfb></usr/local/texlive/2020/texmf-dist/fonts/type1/public/cm-super/sfrm1000.pfb></usr/local/texlive/2020/texmf-dist/fonts/type1/public/cm-super/sfrm1200.pfb>
Output written on /Users/simonheuberger/dissertation/diss/thesis/.texpadtmp/dissertation.pdf (177 pages, 7409183 bytes).
PDF statistics:
 2021 PDF objects out of 2073 (max. 8388607)
 1772 compressed objects within 18 object streams
 722 named destinations out of 1000 (max. 500000)
 607 words of extra memory for PDF output out of 10000 (max. 10000000)

