\BOOKMARK [0][-]{chapter*.1}{ABSTRACT}{}% 1
\BOOKMARK [0][-]{chapter*.2}{ACKNOWLEDGEMENTS}{}% 2
\BOOKMARK [0][-]{chapter*.3}{LIST OF TABLES}{}% 3
\BOOKMARK [0][-]{chapter*.4}{LIST OF FIGURES}{}% 4
\BOOKMARK [0][-]{chapter.1}{OUTLINE}{}% 5
\BOOKMARK [1][-]{section.1.1}{Blocking}{chapter.1}% 6
\BOOKMARK [1][-]{section.1.2}{Missing Data}{chapter.1}% 7
\BOOKMARK [1][-]{section.1.3}{Application}{chapter.1}% 8
\BOOKMARK [0][-]{chapter.2}{PRECISION IN SURVEY EXPERIMENTS \205 A NEW METHOD TO IMPROVE BLOCKING ON ORDINAL VARIABLES}{}% 9
\BOOKMARK [1][-]{section.2.1}{Introduction}{chapter.2}% 10
\BOOKMARK [1][-]{section.2.2}{Theory}{chapter.2}% 11
\BOOKMARK [2][-]{subsection.2.2.1}{Preliminary Notations on Survey Experiments}{section.2.2}% 12
\BOOKMARK [2][-]{subsection.2.2.2}{Randomization}{section.2.2}% 13
\BOOKMARK [2][-]{subsection.2.2.3}{Blocking}{section.2.2}% 14
\BOOKMARK [2][-]{subsection.2.2.4}{Ordinal Variables}{section.2.2}% 15
\BOOKMARK [2][-]{subsection.2.2.5}{Ordered Probit Approach}{section.2.2}% 16
\BOOKMARK [1][-]{section.2.3}{Data}{chapter.2}% 17
\BOOKMARK [1][-]{section.2.4}{Results}{chapter.2}% 18
\BOOKMARK [2][-]{subsection.2.4.1}{Blocking Differences}{section.2.4}% 19
\BOOKMARK [2][-]{subsection.2.4.2}{Placebo Regression}{section.2.4}% 20
\BOOKMARK [1][-]{section.2.5}{Conclusion}{chapter.2}% 21
\BOOKMARK [0][-]{chapter.3}{QUALITY COMPARISON OF MAJOR MISSING DATA SOLUTIONS WITH A PROPOSED NEW METHOD FOR ORDINAL VARIABLES}{}% 22
\BOOKMARK [1][-]{section.3.1}{Introduction}{chapter.3}% 23
\BOOKMARK [1][-]{section.3.2}{Theory}{chapter.3}% 24
\BOOKMARK [2][-]{subsection.3.2.1}{Missing Data Mechanisms}{section.3.2}% 25
\BOOKMARK [2][-]{subsection.3.2.2}{Listwise Deletion}{section.3.2}% 26
\BOOKMARK [2][-]{subsection.3.2.3}{Single Imputation}{section.3.2}% 27
\BOOKMARK [2][-]{subsection.3.2.4}{Multiple Imputation}{section.3.2}% 28
\BOOKMARK [1][-]{section.3.3}{Data}{chapter.3}% 29
\BOOKMARK [1][-]{section.3.4}{Results}{chapter.3}% 30
\BOOKMARK [2][-]{subsection.3.4.1}{MAR}{section.3.4}% 31
\BOOKMARK [2][-]{subsection.3.4.2}{MNAR}{section.3.4}% 32
\BOOKMARK [2][-]{subsection.3.4.3}{Increased Number of Ordinal Variables}{section.3.4}% 33
\BOOKMARK [2][-]{subsection.3.4.4}{Increased Percentage of Missingness}{section.3.4}% 34
\BOOKMARK [2][-]{subsection.3.4.5}{Speed}{section.3.4}% 35
\BOOKMARK [1][-]{section.3.5}{Brief Evaluation of Shortcomings in hd.ord}{chapter.3}% 36
\BOOKMARK [1][-]{section.3.6}{Conclusion}{chapter.3}% 37
\BOOKMARK [0][-]{chapter.4}{MORALITY, SELF-INTEREST, AND FRAME STRENGTH}{}% 38
\BOOKMARK [1][-]{section.4.1}{Introduction}{chapter.4}% 39
\BOOKMARK [1][-]{section.4.2}{Theory}{chapter.4}% 40
\BOOKMARK [2][-]{subsection.4.2.1}{Framing}{section.4.2}% 41
\BOOKMARK [2][-]{subsection.4.2.2}{Morality}{section.4.2}% 42
\BOOKMARK [2][-]{subsection.4.2.3}{Self-Interest}{section.4.2}% 43
\BOOKMARK [1][-]{section.4.3}{Design}{chapter.4}% 44
\BOOKMARK [2][-]{subsection.4.3.1}{Expectations}{section.4.3}% 45
\BOOKMARK [1][-]{section.4.4}{Data}{chapter.4}% 46
\BOOKMARK [1][-]{section.4.5}{Results}{chapter.4}% 47
\BOOKMARK [2][-]{subsection.4.5.1}{Survey Experiment}{section.4.5}% 48
\BOOKMARK [2][-]{subsection.4.5.2}{Imputation}{section.4.5}% 49
\BOOKMARK [1][-]{section.4.6}{Conclusion}{chapter.4}% 50
\BOOKMARK [0][-]{chapter.5}{CONCLUSION}{}% 51
\BOOKMARK [0][-]{appendix.A}{BLOCKING}{}% 52
\BOOKMARK [0][-]{appendix.B}{MISSING DATA}{}% 53
\BOOKMARK [1][-]{section.B.1}{Imputing Missing Data for All ANES and CCES Observations}{appendix.B}% 54
\BOOKMARK [1][-]{section.B.2}{Imputing 12 Variables with Missing Data}{appendix.B}% 55
\BOOKMARK [1][-]{section.B.3}{Imputing 11 Variables with Missing Data for Two Ordinal Variables}{appendix.B}% 56
\BOOKMARK [0][-]{appendix.C}{FRAMING}{}% 57
\BOOKMARK [0][-]{appendix*.78}{REFERENCES}{}% 58
